C:\USERS\RISHEEK\DOCUMENTS\VISUAL STUDIO 2010\PROJECTS\SUBMIT1\DEBUG\SUBMIT1.EXE
C:\USERS\RISHEEK\DOCUMENTS\VISUAL STUDIO 2010\PROJECTS\SUBMIT1\DEBUG\SUBMIT1.ILK
C:\USERS\RISHEEK\DOCUMENTS\VISUAL STUDIO 2010\PROJECTS\SUBMIT1\DEBUG\SUBMIT1.PDB
C:\Users\Risheek\Documents\Visual Studio 2010\Projects\Submit1\Submit1\Debug\cl.command.1.tlog
C:\Users\Risheek\Documents\Visual Studio 2010\Projects\Submit1\Submit1\Debug\CL.read.1.tlog
C:\Users\Risheek\Documents\Visual Studio 2010\Projects\Submit1\Submit1\Debug\CL.write.1.tlog
C:\Users\Risheek\Documents\Visual Studio 2010\Projects\Submit1\Submit1\Debug\link.5044.read.1.tlog
C:\Users\Risheek\Documents\Visual Studio 2010\Projects\Submit1\Submit1\Debug\link.5044.write.1.tlog
C:\Users\Risheek\Documents\Visual Studio 2010\Projects\Submit1\Submit1\Debug\link.5044-cvtres.read.1.tlog
C:\Users\Risheek\Documents\Visual Studio 2010\Projects\Submit1\Submit1\Debug\link.5044-cvtres.write.1.tlog
C:\Users\Risheek\Documents\Visual Studio 2010\Projects\Submit1\Submit1\Debug\link.command.1.tlog
C:\Users\Risheek\Documents\Visual Studio 2010\Projects\Submit1\Submit1\Debug\link.read.1.tlog
C:\Users\Risheek\Documents\Visual Studio 2010\Projects\Submit1\Submit1\Debug\link.write.1.tlog
C:\Users\Risheek\Documents\Visual Studio 2010\Projects\Submit1\Submit1\Debug\link-cvtres.read.1.tlog
C:\Users\Risheek\Documents\Visual Studio 2010\Projects\Submit1\Submit1\Debug\link-cvtres.write.1.tlog
C:\Users\Risheek\Documents\Visual Studio 2010\Projects\Submit1\Submit1\Debug\mt.command.1.tlog
C:\Users\Risheek\Documents\Visual Studio 2010\Projects\Submit1\Submit1\Debug\mt.read.1.tlog
C:\Users\Risheek\Documents\Visual Studio 2010\Projects\Submit1\Submit1\Debug\mt.write.1.tlog
C:\Users\Risheek\Documents\Visual Studio 2010\Projects\Submit1\Submit1\Debug\rc.command.1.tlog
C:\Users\Risheek\Documents\Visual Studio 2010\Projects\Submit1\Submit1\Debug\rc.read.1.tlog
C:\Users\Risheek\Documents\Visual Studio 2010\Projects\Submit1\Submit1\Debug\rc.write.1.tlog
C:\USERS\RISHEEK\DOCUMENTS\VISUAL STUDIO 2010\PROJECTS\SUBMIT1\SUBMIT1\DEBUG\STDAFX.OBJ
C:\USERS\RISHEEK\DOCUMENTS\VISUAL STUDIO 2010\PROJECTS\SUBMIT1\SUBMIT1\DEBUG\SUBMIT1.EXE.EMBED.MANIFEST
C:\USERS\RISHEEK\DOCUMENTS\VISUAL STUDIO 2010\PROJECTS\SUBMIT1\SUBMIT1\DEBUG\SUBMIT1.EXE.EMBED.MANIFEST.RES
C:\USERS\RISHEEK\DOCUMENTS\VISUAL STUDIO 2010\PROJECTS\SUBMIT1\SUBMIT1\DEBUG\SUBMIT1.EXE.INTERMEDIATE.MANIFEST
C:\USERS\RISHEEK\DOCUMENTS\VISUAL STUDIO 2010\PROJECTS\SUBMIT1\SUBMIT1\DEBUG\SUBMIT1.OBJ
C:\USERS\RISHEEK\DOCUMENTS\VISUAL STUDIO 2010\PROJECTS\SUBMIT1\SUBMIT1\DEBUG\SUBMIT1.PCH
C:\Users\Risheek\Documents\Visual Studio 2010\Projects\Submit1\Submit1\Debug\Submit1.write.1.tlog
C:\Users\Risheek\Documents\Visual Studio 2010\Projects\Submit1\Submit1\Debug\Submit1_manifest.rc
C:\Users\Risheek\Documents\Visual Studio 2010\Projects\Submit1\Submit1\Debug\vc100.idb
C:\USERS\RISHEEK\DOCUMENTS\VISUAL STUDIO 2010\PROJECTS\SUBMIT1\SUBMIT1\DEBUG\VC100.PDB
